<?xml version="1.0" encoding="UTF-8"?>
<!-- Generated by org.testng.reporters.JUnitXMLReporter -->
<testsuite hostname="G1C2ML14243" ignored="2" name="Default test" tests="2" failures="0" timestamp="15 Jan 2018 04:29:24 GMT" time="31.786" errors="0">
  <testcase name="Login" time="1.394" classname="com.frame.Test.TestCase"/>
  <testcase name="Login" time="1.275" classname="com.frame.Test.TestCase"/>
  <testcase name="BookaConsultant" time="0.0" classname="com.frame.Test.TestCase">
    <ignored/>
  </testcase> <!-- BookaConsultant -->
  <testcase name="SignUp" time="0.0" classname="com.frame.Test.TestCase">
    <ignored/>
  </testcase> <!-- SignUp -->
</testsuite> <!-- Default test -->
