<?xml version="1.0" encoding="UTF-8"?>
<testng-results skipped="0" failed="0" ignored="2" total="4" passed="2">
  <reporter-output>
  </reporter-output>
  <suite name="Default suite" duration-ms="31786" started-at="2018-01-15T04:28:53Z" finished-at="2018-01-15T04:29:24Z">
    <groups>
    </groups>
    <test name="Default test" duration-ms="31786" started-at="2018-01-15T04:28:53Z" finished-at="2018-01-15T04:29:24Z">
      <class name="com.frame.Test.TestCase">
        <test-method status="PASS" signature="beforeSuite()[pri:0, instance:com.frame.Test.TestCase@26a7b76d]" name="beforeSuite" is-config="true" duration-ms="849" started-at="2018-01-15T09:58:52Z" finished-at="2018-01-15T09:58:53Z">
          <reporter-output>
          </reporter-output>
        </test-method> <!-- beforeSuite -->
        <test-method status="PASS" signature="beforeTest()[pri:0, instance:com.frame.Test.TestCase@26a7b76d]" name="beforeTest" is-config="true" duration-ms="0" started-at="2018-01-15T09:58:53Z" finished-at="2018-01-15T09:58:53Z">
          <reporter-output>
          </reporter-output>
        </test-method> <!-- beforeTest -->
        <test-method status="PASS" signature="beforeClass()[pri:0, instance:com.frame.Test.TestCase@26a7b76d]" name="beforeClass" is-config="true" duration-ms="0" started-at="2018-01-15T09:58:53Z" finished-at="2018-01-15T09:58:53Z">
          <reporter-output>
          </reporter-output>
        </test-method> <!-- beforeClass -->
        <test-method status="PASS" signature="beforeMethod(java.lang.reflect.Method)[pri:0, instance:com.frame.Test.TestCase@26a7b76d]" name="beforeMethod" is-config="true" duration-ms="13492" started-at="2018-01-15T09:58:53Z" finished-at="2018-01-15T09:59:06Z">
          <params>
            <param index="0">
              <value>
                <![CDATA[public void com.frame.Test.TestCase.Login() throws java.awt.AWTException,com.frame.Exceptions.ErrorInSending,com.frame.Exceptions.ErrorInClick,com.frame.Exceptions.ErrorInHovering,com.frame.Exceptions.ErrorInWaiting,java.lang.NumberFormatException,java.io.IOException]]>
              </value>
            </param>
          </params>
          <reporter-output>
          </reporter-output>
        </test-method> <!-- beforeMethod -->
        <test-method status="PASS" signature="Login()[pri:2, instance:com.frame.Test.TestCase@26a7b76d]" name="Login" duration-ms="1394" started-at="2018-01-15T09:59:06Z" finished-at="2018-01-15T09:59:08Z">
          <reporter-output>
          </reporter-output>
        </test-method> <!-- Login -->
        <test-method status="PASS" signature="afterMethod(org.testng.ITestResult)[pri:0, instance:com.frame.Test.TestCase@26a7b76d]" name="afterMethod" is-config="true" duration-ms="1345" started-at="2018-01-15T09:59:08Z" finished-at="2018-01-15T09:59:09Z">
          <params>
            <param index="0">
              <value>
                <![CDATA[[TestResult name=Login status=SUCCESS method=TestCase.Login()[pri:2, instance:com.frame.Test.TestCase@26a7b76d] output={null}]]]>
              </value>
            </param>
          </params>
          <reporter-output>
          </reporter-output>
        </test-method> <!-- afterMethod -->
        <test-method status="PASS" signature="beforeMethod(java.lang.reflect.Method)[pri:0, instance:com.frame.Test.TestCase@26a7b76d]" name="beforeMethod" is-config="true" duration-ms="12821" started-at="2018-01-15T09:59:09Z" finished-at="2018-01-15T09:59:22Z">
          <params>
            <param index="0">
              <value>
                <![CDATA[public void com.frame.Test.TestCase.Login() throws java.awt.AWTException,com.frame.Exceptions.ErrorInSending,com.frame.Exceptions.ErrorInClick,com.frame.Exceptions.ErrorInHovering,com.frame.Exceptions.ErrorInWaiting,java.lang.NumberFormatException,java.io.IOException]]>
              </value>
            </param>
          </params>
          <reporter-output>
          </reporter-output>
        </test-method> <!-- beforeMethod -->
        <test-method status="PASS" signature="Login()[pri:2, instance:com.frame.Test.TestCase@26a7b76d]" name="Login" duration-ms="1275" started-at="2018-01-15T09:59:22Z" finished-at="2018-01-15T09:59:23Z">
          <reporter-output>
          </reporter-output>
        </test-method> <!-- Login -->
        <test-method status="PASS" signature="afterMethod(org.testng.ITestResult)[pri:0, instance:com.frame.Test.TestCase@26a7b76d]" name="afterMethod" is-config="true" duration-ms="1408" started-at="2018-01-15T09:59:23Z" finished-at="2018-01-15T09:59:24Z">
          <params>
            <param index="0">
              <value>
                <![CDATA[[TestResult name=Login status=SUCCESS method=TestCase.Login()[pri:2, instance:com.frame.Test.TestCase@26a7b76d] output={null}]]]>
              </value>
            </param>
          </params>
          <reporter-output>
          </reporter-output>
        </test-method> <!-- afterMethod -->
        <test-method status="PASS" signature="afterClass()[pri:0, instance:com.frame.Test.TestCase@26a7b76d]" name="afterClass" is-config="true" duration-ms="0" started-at="2018-01-15T09:59:24Z" finished-at="2018-01-15T09:59:24Z">
          <reporter-output>
          </reporter-output>
        </test-method> <!-- afterClass -->
        <test-method status="PASS" signature="afterTest()[pri:0, instance:com.frame.Test.TestCase@26a7b76d]" name="afterTest" is-config="true" duration-ms="0" started-at="2018-01-15T09:59:24Z" finished-at="2018-01-15T09:59:24Z">
          <reporter-output>
          </reporter-output>
        </test-method> <!-- afterTest -->
        <test-method status="PASS" signature="afterSuite()[pri:0, instance:com.frame.Test.TestCase@26a7b76d]" name="afterSuite" is-config="true" duration-ms="463" started-at="2018-01-15T09:59:24Z" finished-at="2018-01-15T09:59:25Z">
          <reporter-output>
          </reporter-output>
        </test-method> <!-- afterSuite -->
      </class> <!-- com.frame.Test.TestCase -->
    </test> <!-- Default test -->
  </suite> <!-- Default suite -->
</testng-results>
